Watching for file changes with StatReloader
Performing system checks...

System check identified some issues:

WARNINGS:
todos.Todo: (models.W042) Auto-created primary key used when not defining a primary key type, by default 'django.db.models.AutoField'.
	HINT: Configure the DEFAULT_AUTO_FIELD setting or the TodosConfig.default_auto_field attribute to point to a subclass of AutoField, e.g. 'django.db.models.BigAutoField'.

System check identified 1 issue (0 silenced).
June 18, 2023 - 11:19:57
Django version 4.2.2, using settings 'todoApp.settings'
Starting development server at http://0.0.0.0:8000/
Quit the server with CONTROL-C.

[18/Jun/2023 11:20:04] "GET /todos/ HTTP/1.1" 200 3589
[18/Jun/2023 11:20:04] "GET /static/css/style.css HTTP/1.1" 304 0
[18/Jun/2023 11:30:21] "GET /todos/ HTTP/1.1" 200 3589
[18/Jun/2023 11:30:22] "GET /static/css/style.css HTTP/1.1" 304 0
Watching for file changes with StatReloader
System check identified some issues:

WARNINGS:
todos.Todo: (models.W042) Auto-created primary key used when not defining a primary key type, by default 'django.db.models.AutoField'.
	HINT: Configure the DEFAULT_AUTO_FIELD setting or the TodosConfig.default_auto_field attribute to point to a subclass of AutoField, e.g. 'django.db.models.BigAutoField'.

System check identified 1 issue (0 silenced).
[18/Jun/2023 16:54:23] "GET / HTTP/1.1" 302 0
[18/Jun/2023 16:54:24] "GET /todos/ HTTP/1.1" 200 3589
[18/Jun/2023 16:54:47] "GET /todos/ HTTP/1.1" 200 3589
[18/Jun/2023 16:54:52] "POST /todos/3/update HTTP/1.1" 302 0
[18/Jun/2023 16:54:52] "GET /todos/ HTTP/1.1" 200 3552
